<?xml version="1.0" encoding="UTF-8"?>
<testng-results ignored="0" total="6" passed="6" failed="0" skipped="0">
  <reporter-output>
  </reporter-output>
  <suite started-at="2022-03-14T16:41:44 EDT" name="Default suite" finished-at="2022-03-14T16:41:56 EDT" duration-ms="11625">
    <groups>
    </groups>
    <test started-at="2022-03-14T16:41:44 EDT" name="Default test" finished-at="2022-03-14T16:41:56 EDT" duration-ms="11625">
      <class name="DSAlgo_testcases.TC_003_HomepageTest">
        <test-method is-config="true" signature="beforeTest()[pri:0, instance:DSAlgo_testcases.TC_003_HomepageTest@5fd4f8f5]" started-at="2022-03-14T16:41:44 EDT" name="beforeTest" finished-at="2022-03-14T16:41:46 EDT" duration-ms="2200" status="PASS">
          <reporter-output>
          </reporter-output>
        </test-method> <!-- beforeTest -->
        <test-method signature="getonhomepage()[pri:1, instance:DSAlgo_testcases.TC_003_HomepageTest@5fd4f8f5]" started-at="2022-03-14T16:41:46 EDT" name="getonhomepage" finished-at="2022-03-14T16:41:48 EDT" duration-ms="1979" status="PASS">
          <reporter-output>
          </reporter-output>
        </test-method> <!-- getonhomepage -->
        <test-method signature="Databasegetstarted()[pri:2, instance:DSAlgo_testcases.TC_003_HomepageTest@5fd4f8f5]" started-at="2022-03-14T16:41:48 EDT" name="Databasegetstarted" finished-at="2022-03-14T16:41:49 EDT" duration-ms="363" status="PASS">
          <reporter-output>
          </reporter-output>
        </test-method> <!-- Databasegetstarted -->
        <test-method signature="Databasedropdown()[pri:3, instance:DSAlgo_testcases.TC_003_HomepageTest@5fd4f8f5]" started-at="2022-03-14T16:41:49 EDT" name="Databasedropdown" finished-at="2022-03-14T16:41:53 EDT" duration-ms="4841" status="PASS">
          <reporter-output>
          </reporter-output>
        </test-method> <!-- Databasedropdown -->
        <test-method signature="Signinlinkcheck()[pri:4, instance:DSAlgo_testcases.TC_003_HomepageTest@5fd4f8f5]" started-at="2022-03-14T16:41:53 EDT" name="Signinlinkcheck" finished-at="2022-03-14T16:41:54 EDT" duration-ms="327" status="PASS">
          <reporter-output>
          </reporter-output>
        </test-method> <!-- Signinlinkcheck -->
        <test-method signature="Register_link_check()[pri:5, instance:DSAlgo_testcases.TC_003_HomepageTest@5fd4f8f5]" started-at="2022-03-14T16:41:54 EDT" name="Register_link_check" finished-at="2022-03-14T16:41:54 EDT" duration-ms="241" status="PASS">
          <reporter-output>
          </reporter-output>
        </test-method> <!-- Register_link_check -->
        <test-method signature="userlogin()[pri:6, instance:DSAlgo_testcases.TC_003_HomepageTest@5fd4f8f5]" started-at="2022-03-14T16:41:54 EDT" name="userlogin" finished-at="2022-03-14T16:41:55 EDT" duration-ms="1416" status="PASS">
          <reporter-output>
          </reporter-output>
        </test-method> <!-- userlogin -->
        <test-method is-config="true" signature="afterTest()[pri:0, instance:DSAlgo_testcases.TC_003_HomepageTest@5fd4f8f5]" started-at="2022-03-14T16:41:55 EDT" name="afterTest" finished-at="2022-03-14T16:41:56 EDT" duration-ms="223" status="PASS">
          <reporter-output>
          </reporter-output>
        </test-method> <!-- afterTest -->
      </class> <!-- DSAlgo_testcases.TC_003_HomepageTest -->
    </test> <!-- Default test -->
  </suite> <!-- Default suite -->
</testng-results>
